2021-05-28 21:40:41,065 INFO  [ProLogger] Rest Suite Execution started 
2021-05-28 21:40:41,456 INFO  [ProLogger] **************************************************************************************** 
2021-05-28 21:40:41,460 INFO  [ProLogger] **************************************************************************************** 
2021-05-28 21:40:41,463 INFO  [ProLogger] $$$$$$$$$$$$$$$$$$$$$                 API_Test01       $$$$$$$$$$$$$$$$$$$$$$$$$ 
2021-05-28 21:40:41,466 INFO  [ProLogger] **************************************************************************************** 
2021-05-28 21:40:41,470 INFO  [ProLogger] **************************************************************************************** 
2021-05-28 21:40:45,362 INFO  [ProLogger] verifyAPIResponseTime Test Executed Successfully 
2021-05-28 21:40:45,372 INFO  [ProLogger] **************************************************************************************** 
2021-05-28 21:40:45,390 INFO  [ProLogger] **************************************************************************************** 
2021-05-28 21:40:45,395 INFO  [ProLogger] XXXXXXXXXXXXXXXXXXXXXXX             "+"-E---N---D-"+"             XXXXXXXXXXXXXXXXXXXXXX 
2021-05-28 21:40:45,400 INFO  [ProLogger] **************************************************************************************** 
2021-05-28 21:40:45,405 INFO  [ProLogger] **************************************************************************************** 
2021-05-28 21:40:45,411 INFO  [ProLogger] **************************************************************************************** 
2021-05-28 21:40:45,415 INFO  [ProLogger] **************************************************************************************** 
2021-05-28 21:40:45,423 INFO  [ProLogger] $$$$$$$$$$$$$$$$$$$$$                 API_Test01       $$$$$$$$$$$$$$$$$$$$$$$$$ 
2021-05-28 21:40:45,429 INFO  [ProLogger] **************************************************************************************** 
2021-05-28 21:40:45,433 INFO  [ProLogger] **************************************************************************************** 
2021-05-28 21:40:47,327 INFO  [ProLogger] verifyResponseCode Test Executed Successfully 
2021-05-28 21:40:47,339 INFO  [ProLogger] **************************************************************************************** 
2021-05-28 21:40:47,350 INFO  [ProLogger] **************************************************************************************** 
2021-05-28 21:40:47,359 INFO  [ProLogger] XXXXXXXXXXXXXXXXXXXXXXX             "+"-E---N---D-"+"             XXXXXXXXXXXXXXXXXXXXXX 
2021-05-28 21:40:47,366 INFO  [ProLogger] **************************************************************************************** 
2021-05-28 21:40:47,372 INFO  [ProLogger] **************************************************************************************** 
2021-05-28 21:40:47,379 INFO  [ProLogger] **************************************************************************************** 
2021-05-28 21:40:47,382 INFO  [ProLogger] **************************************************************************************** 
2021-05-28 21:40:47,385 INFO  [ProLogger] $$$$$$$$$$$$$$$$$$$$$                 API_Test01       $$$$$$$$$$$$$$$$$$$$$$$$$ 
2021-05-28 21:40:47,388 INFO  [ProLogger] **************************************************************************************** 
2021-05-28 21:40:47,391 INFO  [ProLogger] **************************************************************************************** 
2021-05-28 21:40:49,252 INFO  [ProLogger] verifyResponseStatus Test Executed Successfully 
2021-05-28 21:40:49,255 INFO  [ProLogger] **************************************************************************************** 
2021-05-28 21:40:49,258 INFO  [ProLogger] **************************************************************************************** 
2021-05-28 21:40:49,261 INFO  [ProLogger] XXXXXXXXXXXXXXXXXXXXXXX             "+"-E---N---D-"+"             XXXXXXXXXXXXXXXXXXXXXX 
2021-05-28 21:40:49,263 INFO  [ProLogger] **************************************************************************************** 
2021-05-28 21:40:49,265 INFO  [ProLogger] **************************************************************************************** 
2021-05-28 21:40:49,267 INFO  [ProLogger] **************************************************************************************** 
2021-05-28 21:40:49,270 INFO  [ProLogger] **************************************************************************************** 
2021-05-28 21:40:49,273 INFO  [ProLogger] $$$$$$$$$$$$$$$$$$$$$                 API_Test01       $$$$$$$$$$$$$$$$$$$$$$$$$ 
2021-05-28 21:40:49,278 INFO  [ProLogger] **************************************************************************************** 
2021-05-28 21:40:49,282 INFO  [ProLogger] **************************************************************************************** 
2021-05-28 21:40:51,819 INFO  [ProLogger] verify_FlightNumber Test Executed Successfully 
2021-05-28 21:40:51,821 INFO  [ProLogger] **************************************************************************************** 
2021-05-28 21:40:51,823 INFO  [ProLogger] **************************************************************************************** 
2021-05-28 21:40:51,826 INFO  [ProLogger] XXXXXXXXXXXXXXXXXXXXXXX             "+"-E---N---D-"+"             XXXXXXXXXXXXXXXXXXXXXX 
2021-05-28 21:40:51,828 INFO  [ProLogger] **************************************************************************************** 
2021-05-28 21:40:51,830 INFO  [ProLogger] **************************************************************************************** 
2021-05-28 21:40:51,833 INFO  [ProLogger] **************************************************************************************** 
2021-05-28 21:40:51,836 INFO  [ProLogger] **************************************************************************************** 
2021-05-28 21:40:51,838 INFO  [ProLogger] $$$$$$$$$$$$$$$$$$$$$                 API_Test01       $$$$$$$$$$$$$$$$$$$$$$$$$ 
2021-05-28 21:40:51,840 INFO  [ProLogger] **************************************************************************************** 
2021-05-28 21:40:51,843 INFO  [ProLogger] **************************************************************************************** 
2021-05-28 21:40:53,398 INFO  [ProLogger] verify_ID Test Executed Successfully 
2021-05-28 21:40:53,400 INFO  [ProLogger] **************************************************************************************** 
2021-05-28 21:40:53,402 INFO  [ProLogger] **************************************************************************************** 
2021-05-28 21:40:53,404 INFO  [ProLogger] XXXXXXXXXXXXXXXXXXXXXXX             "+"-E---N---D-"+"             XXXXXXXXXXXXXXXXXXXXXX 
2021-05-28 21:40:53,407 INFO  [ProLogger] **************************************************************************************** 
2021-05-28 21:40:53,409 INFO  [ProLogger] **************************************************************************************** 
2021-05-28 21:40:53,432 INFO  [ProLogger] Rest Suite Execution started 
